[05:09:26] [ServerMain/INFO]: Environment: Environment[sessionHost=https://sessionserver.mojang.com, servicesHost=https://api.minecraftservices.com, name=PROD]
[05:09:27] [ServerMain/INFO]: No existing world data, creating new world
[05:09:28] [ServerMain/INFO]: Loaded 1290 recipes
[05:09:28] [ServerMain/INFO]: Loaded 1399 advancements
[05:09:29] [Server thread/INFO]: Starting minecraft server version 1.21
[05:09:29] [Server thread/INFO]: Loading properties
[05:09:29] [Server thread/INFO]: Default game type: SURVIVAL
[05:09:29] [Server thread/INFO]: Generating keypair
[05:09:29] [Server thread/INFO]: Starting Minecraft server on *:25565
[05:09:29] [Server thread/INFO]: Using epoll channel type
[05:09:29] [Server thread/WARN]: **** SERVER IS RUNNING IN OFFLINE/INSECURE MODE!
[05:09:29] [Server thread/WARN]: The server will make no attempt to authenticate usernames. Beware.
[05:09:29] [Server thread/WARN]: While this makes the game possible to play without internet access, it also opens up the ability for hackers to connect with any username they choose.
[05:09:29] [Server thread/WARN]: To change this, set "online-mode" to "true" in the server.properties file.
[05:09:29] [Server thread/INFO]: Preparing level "world"
[05:09:36] [Server thread/INFO]: Preparing start region for dimension minecraft:overworld
[05:09:36] [Worker-Main-1/INFO]: Preparing spawn area: 2%
[05:09:36] [Worker-Main-1/INFO]: Preparing spawn area: 2%
[05:09:37] [Worker-Main-2/INFO]: Preparing spawn area: 2%
[05:09:37] [Worker-Main-3/INFO]: Preparing spawn area: 2%
[05:09:38] [Worker-Main-1/INFO]: Preparing spawn area: 2%
[05:09:38] [Worker-Main-1/INFO]: Preparing spawn area: 18%
[05:09:39] [Worker-Main-2/INFO]: Preparing spawn area: 18%
[05:09:40] [Worker-Main-1/INFO]: Preparing spawn area: 51%
[05:09:40] [Worker-Main-1/INFO]: Preparing spawn area: 51%
[05:09:40] [Worker-Main-1/INFO]: Preparing spawn area: 51%
[05:09:41] [Worker-Main-2/INFO]: Preparing spawn area: 51%
[05:09:41] [Worker-Main-2/INFO]: Preparing spawn area: 51%
[05:09:41] [Server thread/INFO]: Time elapsed: 5647 ms
[05:09:41] [Server thread/INFO]: Done (12.226s)! For help, type "help"
[05:09:41] [Server thread/INFO]: Unknown or incomplete command, see below for error
[05:09:41] [Server thread/INFO]: home/codespace/.python/current/bin/python /workspaces/Server-Starmine-2.0/msx.py<--[HERE]
[05:10:22] [Server thread/INFO]: Stopping the server
[05:10:22] [Server thread/INFO]: Stopping server
[05:10:22] [Server thread/INFO]: Saving players
[05:10:22] [Server thread/INFO]: Saving worlds
[05:10:23] [Server thread/INFO]: Saving chunks for level 'ServerLevel[world]'/minecraft:overworld
[05:10:24] [Server thread/INFO]: Saving chunks for level 'ServerLevel[world]'/minecraft:the_nether
[05:10:24] [Server thread/INFO]: Saving chunks for level 'ServerLevel[world]'/minecraft:the_end
[05:10:24] [Server thread/INFO]: ThreadedAnvilChunkStorage (world): All chunks are saved
[05:10:24] [Server thread/INFO]: ThreadedAnvilChunkStorage (DIM-1): All chunks are saved
[05:10:24] [Server thread/INFO]: ThreadedAnvilChunkStorage (DIM1): All chunks are saved
[05:10:24] [Server thread/INFO]: ThreadedAnvilChunkStorage: All dimensions are saved
